<?xml version="1.0" encoding="UTF-8"?>
<coverage generated="1615244691320" clover="3.2.0">
  <project timestamp="1615244691320" name="All files">
    <metrics statements="253" coveredstatements="152" conditionals="140" coveredconditionals="62" methods="41" coveredmethods="27" elements="434" coveredelements="241" complexity="0" loc="253" ncloc="253" packages="1" files="2" classes="2"/>
    <file name="AVLTree.js" path="/Users/jdr/Documents/coding/example-svelte-babel-webpack/src/lib/AVLTree.js">
      <metrics statements="245" coveredstatements="144" conditionals="138" coveredconditionals="60" methods="39" coveredmethods="25"/>
      <line num="6" count="111" type="stmt"/>
      <line num="7" count="111" type="stmt"/>
      <line num="8" count="111" type="stmt"/>
      <line num="9" count="111" type="cond" truecount="2" falsecount="0"/>
      <line num="10" count="7" type="stmt"/>
      <line num="14" count="7" type="stmt"/>
      <line num="16" count="111" type="cond" truecount="2" falsecount="0"/>
      <line num="17" count="109" type="stmt"/>
      <line num="18" count="16" type="stmt"/>
      <line num="27" count="111" type="stmt"/>
      <line num="28" count="200" type="cond" truecount="2" falsecount="0"/>
      <line num="29" count="198" type="stmt"/>
      <line num="30" count="198" type="stmt"/>
      <line num="31" count="3055" type="cond" truecount="2" falsecount="0"/>
      <line num="32" count="580" type="stmt"/>
      <line num="33" count="1524" type="cond" truecount="4" falsecount="0"/>
      <line num="35" count="198" type="stmt"/>
      <line num="43" count="199" type="stmt"/>
      <line num="44" count="199" type="stmt"/>
      <line num="45" count="577" type="stmt"/>
      <line num="54" count="111" type="stmt"/>
      <line num="56" count="111" type="stmt"/>
      <line num="58" count="111" type="stmt"/>
      <line num="59" count="5" type="stmt"/>
      <line num="60" count="5" type="stmt"/>
      <line num="61" count="5" type="cond" truecount="2" falsecount="0"/>
      <line num="62" count="5" type="stmt"/>
      <line num="63" count="5" type="stmt"/>
      <line num="64" count="5" type="cond" truecount="2" falsecount="0"/>
      <line num="65" count="2" type="cond" truecount="1" falsecount="1"/>
      <line num="67" count="3" type="stmt"/>
      <line num="70" count="5" type="stmt"/>
      <line num="77" count="5" type="stmt"/>
      <line num="81" count="0" type="stmt"/>
      <line num="82" count="0" type="cond" truecount="0" falsecount="2"/>
      <line num="83" count="0" type="stmt"/>
      <line num="85" count="0" type="stmt"/>
      <line num="90" count="111" type="stmt"/>
      <line num="91" count="4" type="stmt"/>
      <line num="92" count="4" type="stmt"/>
      <line num="93" count="4" type="cond" truecount="1" falsecount="1"/>
      <line num="94" count="4" type="stmt"/>
      <line num="95" count="4" type="stmt"/>
      <line num="96" count="4" type="cond" truecount="1" falsecount="1"/>
      <line num="97" count="4" type="cond" truecount="1" falsecount="1"/>
      <line num="99" count="0" type="stmt"/>
      <line num="102" count="4" type="stmt"/>
      <line num="109" count="4" type="stmt"/>
      <line num="112" count="111" type="stmt"/>
      <line num="113" count="5" type="cond" truecount="1" falsecount="1"/>
      <line num="114" count="0" type="stmt"/>
      <line num="116" count="5" type="stmt"/>
      <line num="117" count="5" type="cond" truecount="2" falsecount="0"/>
      <line num="118" count="5" type="stmt"/>
      <line num="120" count="5" type="stmt"/>
      <line num="121" count="5" type="stmt"/>
      <line num="125" count="5" type="stmt"/>
      <line num="128" count="111" type="stmt"/>
      <line num="129" count="4" type="cond" truecount="1" falsecount="1"/>
      <line num="130" count="0" type="stmt"/>
      <line num="132" count="4" type="stmt"/>
      <line num="133" count="4" type="cond" truecount="3" falsecount="1"/>
      <line num="134" count="4" type="stmt"/>
      <line num="136" count="4" type="stmt"/>
      <line num="137" count="4" type="stmt"/>
      <line num="141" count="4" type="stmt"/>
      <line num="149" count="111" type="stmt"/>
      <line num="150" count="107" type="cond" truecount="4" falsecount="0"/>
      <line num="151" count="107" type="stmt"/>
      <line num="159" count="111" type="stmt"/>
      <line num="160" count="107" type="cond" truecount="4" falsecount="0"/>
      <line num="161" count="107" type="stmt"/>
      <line num="164" count="111" type="stmt"/>
      <line num="165" count="27" type="stmt"/>
      <line num="166" count="27" type="stmt"/>
      <line num="167" count="149" type="cond" truecount="2" falsecount="0"/>
      <line num="168" count="89" type="stmt"/>
      <line num="173" count="111" type="stmt"/>
      <line num="174" count="11" type="stmt"/>
      <line num="175" count="77" type="cond" truecount="4" falsecount="0"/>
      <line num="176" count="5" type="stmt"/>
      <line num="177" count="5" type="stmt"/>
      <line num="189" count="111" type="cond" truecount="1" falsecount="0"/>
      <line num="190" count="16" type="stmt"/>
      <line num="196" count="16" type="cond" truecount="2" falsecount="0"/>
      <line num="197" count="5" type="stmt"/>
      <line num="198" count="5" type="stmt"/>
      <line num="203" count="5" type="stmt"/>
      <line num="207" count="5" type="stmt"/>
      <line num="210" count="11" type="stmt"/>
      <line num="212" count="11" type="stmt"/>
      <line num="213" count="20" type="stmt"/>
      <line num="214" count="46" type="stmt"/>
      <line num="215" count="20" type="stmt"/>
      <line num="220" count="20" type="stmt"/>
      <line num="221" count="20" type="cond" truecount="2" falsecount="0"/>
      <line num="222" count="4" type="stmt"/>
      <line num="224" count="16" type="stmt"/>
      <line num="228" count="11" type="cond" truecount="1" falsecount="1"/>
      <line num="229" count="11" type="cond" truecount="2" falsecount="0"/>
      <line num="230" count="4" type="stmt"/>
      <line num="232" count="7" type="stmt"/>
      <line num="235" count="0" type="cond" truecount="0" falsecount="2"/>
      <line num="236" count="0" type="stmt"/>
      <line num="238" count="0" type="stmt"/>
      <line num="242" count="11" type="stmt"/>
      <line num="244" count="11" type="stmt"/>
      <line num="250" count="11" type="cond" truecount="1" falsecount="1"/>
      <line num="251" count="11" type="stmt"/>
      <line num="254" count="11" type="stmt"/>
      <line num="256" count="11" type="stmt"/>
      <line num="262" count="111" type="stmt"/>
      <line num="263" count="0" type="stmt"/>
      <line num="264" count="0" type="cond" truecount="0" falsecount="2"/>
      <line num="268" count="111" type="stmt"/>
      <line num="270" count="5" type="cond" truecount="1" falsecount="1"/>
      <line num="271" count="5" type="cond" truecount="2" falsecount="0"/>
      <line num="273" count="1" type="stmt"/>
      <line num="276" count="4" type="stmt"/>
      <line num="277" count="4" type="stmt"/>
      <line num="279" count="0" type="cond" truecount="0" falsecount="2"/>
      <line num="280" count="0" type="cond" truecount="0" falsecount="2"/>
      <line num="282" count="0" type="stmt"/>
      <line num="285" count="0" type="stmt"/>
      <line num="286" count="0" type="stmt"/>
      <line num="291" count="111" type="stmt"/>
      <line num="292" count="16" type="stmt"/>
      <line num="293" count="16" type="stmt"/>
      <line num="294" count="16" type="stmt"/>
      <line num="297" count="111" type="stmt"/>
      <line num="298" count="0" type="stmt"/>
      <line num="299" count="0" type="stmt"/>
      <line num="300" count="0" type="stmt"/>
      <line num="303" count="111" type="stmt"/>
      <line num="304" count="0" type="stmt"/>
      <line num="305" count="0" type="cond" truecount="0" falsecount="2"/>
      <line num="308" count="111" type="stmt"/>
      <line num="309" count="0" type="stmt"/>
      <line num="311" count="0" type="cond" truecount="0" falsecount="2"/>
      <line num="312" count="0" type="stmt"/>
      <line num="314" count="0" type="cond" truecount="0" falsecount="2"/>
      <line num="315" count="0" type="stmt"/>
      <line num="317" count="0" type="cond" truecount="0" falsecount="2"/>
      <line num="318" count="0" type="stmt"/>
      <line num="320" count="0" type="stmt"/>
      <line num="324" count="0" type="stmt"/>
      <line num="327" count="111" type="stmt"/>
      <line num="328" count="0" type="cond" truecount="0" falsecount="2"/>
      <line num="330" count="0" type="stmt"/>
      <line num="331" count="0" type="cond" truecount="0" falsecount="2"/>
      <line num="332" count="0" type="stmt"/>
      <line num="334" count="0" type="stmt"/>
      <line num="335" count="0" type="stmt"/>
      <line num="339" count="0" type="stmt"/>
      <line num="341" count="0" type="stmt"/>
      <line num="342" count="0" type="stmt"/>
      <line num="345" count="0" type="stmt"/>
      <line num="348" count="111" type="stmt"/>
      <line num="349" count="0" type="stmt"/>
      <line num="350" count="0" type="cond" truecount="0" falsecount="4"/>
      <line num="351" count="0" type="stmt"/>
      <line num="352" count="0" type="cond" truecount="0" falsecount="4"/>
      <line num="353" count="0" type="stmt"/>
      <line num="354" count="0" type="cond" truecount="0" falsecount="4"/>
      <line num="355" count="0" type="stmt"/>
      <line num="357" count="0" type="stmt"/>
      <line num="358" count="0" type="stmt"/>
      <line num="359" count="0" type="stmt"/>
      <line num="360" count="0" type="cond" truecount="0" falsecount="2"/>
      <line num="361" count="0" type="stmt"/>
      <line num="362" count="0" type="stmt"/>
      <line num="363" count="0" type="stmt"/>
      <line num="365" count="0" type="stmt"/>
      <line num="366" count="0" type="stmt"/>
      <line num="367" count="0" type="stmt"/>
      <line num="375" count="111" type="stmt"/>
      <line num="376" count="0" type="stmt"/>
      <line num="378" count="0" type="stmt"/>
      <line num="379" count="0" type="stmt"/>
      <line num="385" count="0" type="stmt"/>
      <line num="386" count="0" type="cond" truecount="0" falsecount="2"/>
      <line num="387" count="0" type="stmt"/>
      <line num="388" count="0" type="stmt"/>
      <line num="389" count="0" type="stmt"/>
      <line num="395" count="0" type="stmt"/>
      <line num="396" count="0" type="stmt"/>
      <line num="399" count="0" type="stmt"/>
      <line num="401" count="0" type="cond" truecount="0" falsecount="2"/>
      <line num="402" count="0" type="stmt"/>
      <line num="403" count="0" type="stmt"/>
      <line num="404" count="0" type="stmt"/>
      <line num="407" count="0" type="stmt"/>
      <line num="408" count="0" type="stmt"/>
      <line num="410" count="0" type="cond" truecount="0" falsecount="4"/>
      <line num="411" count="0" type="cond" truecount="0" falsecount="2"/>
      <line num="412" count="0" type="cond" truecount="0" falsecount="4"/>
      <line num="413" count="0" type="cond" truecount="0" falsecount="2"/>
      <line num="414" count="0" type="cond" truecount="0" falsecount="4"/>
      <line num="415" count="0" type="cond" truecount="0" falsecount="2"/>
      <line num="417" count="0" type="stmt"/>
      <line num="418" count="0" type="cond" truecount="0" falsecount="2"/>
      <line num="419" count="0" type="cond" truecount="0" falsecount="2"/>
      <line num="420" count="0" type="stmt"/>
      <line num="421" count="0" type="stmt"/>
      <line num="423" count="0" type="stmt"/>
      <line num="429" count="0" type="stmt"/>
      <line num="430" count="0" type="stmt"/>
      <line num="432" count="0" type="stmt"/>
      <line num="433" count="0" type="stmt"/>
      <line num="434" count="0" type="cond" truecount="0" falsecount="2"/>
      <line num="435" count="0" type="stmt"/>
      <line num="436" count="0" type="cond" truecount="0" falsecount="2"/>
      <line num="439" count="0" type="stmt"/>
      <line num="440" count="0" type="stmt"/>
      <line num="442" count="0" type="stmt"/>
      <line num="448" count="0" type="stmt"/>
      <line num="449" count="0" type="stmt"/>
      <line num="452" count="111" type="stmt"/>
      <line num="453" count="0" type="stmt"/>
      <line num="454" count="0" type="cond" truecount="0" falsecount="2"/>
      <line num="457" count="111" type="stmt"/>
      <line num="458" count="104" type="stmt"/>
      <line num="459" count="104" type="stmt"/>
      <line num="465" count="104" type="stmt"/>
      <line num="468" count="104" type="stmt"/>
      <line num="469" count="243" type="stmt"/>
      <line num="470" count="243" type="stmt"/>
      <line num="471" count="243" type="stmt"/>
      <line num="474" count="104" type="stmt"/>
      <line num="475" count="104" type="stmt"/>
      <line num="476" count="104" type="cond" truecount="2" falsecount="0"/>
      <line num="477" count="92" type="stmt"/>
      <line num="478" count="92" type="stmt"/>
      <line num="479" count="92" type="stmt"/>
      <line num="480" count="92" type="stmt"/>
      <line num="481" count="243" type="cond" truecount="2" falsecount="0"/>
      <line num="482" count="50" type="stmt"/>
      <line num="483" count="50" type="stmt"/>
      <line num="484" count="50" type="stmt"/>
      <line num="486" count="243" type="cond" truecount="2" falsecount="0"/>
      <line num="487" count="101" type="stmt"/>
      <line num="488" count="101" type="stmt"/>
      <line num="489" count="101" type="stmt"/>
      <line num="492" count="92" type="stmt"/>
      <line num="493" count="92" type="stmt"/>
    </file>
    <file name="Node.js" path="/Users/jdr/Documents/coding/example-svelte-babel-webpack/src/lib/Node.js">
      <metrics statements="8" coveredstatements="8" conditionals="2" coveredconditionals="2" methods="2" coveredmethods="2"/>
      <line num="2" count="2" type="stmt"/>
      <line num="6" count="261" type="stmt"/>
      <line num="7" count="261" type="stmt"/>
      <line num="8" count="261" type="stmt"/>
      <line num="9" count="261" type="stmt"/>
      <line num="10" count="261" type="stmt"/>
      <line num="11" count="261" type="stmt"/>
      <line num="15" count="4" type="cond" truecount="2" falsecount="0"/>
    </file>
  </project>
</coverage>
