{"/Users/jdr/Documents/coding/example-svelte-babel-webpack/src/lib/AVLTree.js": {"path":"/Users/jdr/Documents/coding/example-svelte-babel-webpack/src/lib/AVLTree.js","statementMap":{"0":{"start":{"line":6,"column":2},"end":{"line":6,"column":19}},"1":{"start":{"line":7,"column":2},"end":{"line":7,"column":19}},"2":{"start":{"line":8,"column":2},"end":{"line":8,"column":23}},"3":{"start":{"line":9,"column":2},"end":{"line":15,"column":3}},"4":{"start":{"line":10,"column":3},"end":{"line":13,"column":6}},"5":{"start":{"line":14,"column":3},"end":{"line":14,"column":37}},"6":{"start":{"line":16,"column":2},"end":{"line":20,"column":3}},"7":{"start":{"line":17,"column":3},"end":{"line":19,"column":4}},"8":{"start":{"line":18,"column":4},"end":{"line":18,"column":21}},"9":{"start":{"line":27,"column":13},"end":{"line":36,"column":2}},"10":{"start":{"line":28,"column":2},"end":{"line":28,"column":28}},"11":{"start":{"line":28,"column":18},"end":{"line":28,"column":28}},"12":{"start":{"line":29,"column":14},"end":{"line":29,"column":25}},"13":{"start":{"line":30,"column":17},"end":{"line":30,"column":19}},"14":{"start":{"line":31,"column":2},"end":{"line":34,"column":3}},"15":{"start":{"line":31,"column":42},"end":{"line":31,"column":53}},"16":{"start":{"line":32,"column":3},"end":{"line":32,"column":22}},"17":{"start":{"line":33,"column":3},"end":{"line":33,"column":93}},"18":{"start":{"line":33,"column":39},"end":{"line":33,"column":88}},"19":{"start":{"line":35,"column":2},"end":{"line":35,"column":16}},"20":{"start":{"line":43,"column":17},"end":{"line":43,"column":33}},"21":{"start":{"line":44,"column":2},"end":{"line":46,"column":9}},"22":{"start":{"line":45,"column":3},"end":{"line":45,"column":21}},"23":{"start":{"line":54,"column":14},"end":{"line":54,"column":73}},"24":{"start":{"line":54,"column":22},"end":{"line":54,"column":73}},"25":{"start":{"line":56,"column":16},"end":{"line":56,"column":47}},"26":{"start":{"line":56,"column":24},"end":{"line":56,"column":47}},"27":{"start":{"line":58,"column":18},"end":{"line":78,"column":2}},"28":{"start":{"line":59,"column":16},"end":{"line":59,"column":39}},"29":{"start":{"line":60,"column":15},"end":{"line":60,"column":24}},"30":{"start":{"line":61,"column":17},"end":{"line":61,"column":71}},"31":{"start":{"line":62,"column":17},"end":{"line":62,"column":32}},"32":{"start":{"line":63,"column":18},"end":{"line":63,"column":39}},"33":{"start":{"line":64,"column":2},"end":{"line":68,"column":3}},"34":{"start":{"line":65,"column":3},"end":{"line":65,"column":47}},"35":{"start":{"line":67,"column":3},"end":{"line":67,"column":23}},"36":{"start":{"line":70,"column":2},"end":{"line":76,"column":5}},"37":{"start":{"line":77,"column":2},"end":{"line":77,"column":17}},"38":{"start":{"line":81,"column":2},"end":{"line":87,"column":5}},"39":{"start":{"line":82,"column":3},"end":{"line":86,"column":4}},"40":{"start":{"line":83,"column":4},"end":{"line":83,"column":16}},"41":{"start":{"line":85,"column":4},"end":{"line":85,"column":39}},"42":{"start":{"line":90,"column":19},"end":{"line":110,"column":2}},"43":{"start":{"line":91,"column":16},"end":{"line":91,"column":39}},"44":{"start":{"line":92,"column":15},"end":{"line":92,"column":24}},"45":{"start":{"line":93,"column":17},"end":{"line":93,"column":71}},"46":{"start":{"line":94,"column":17},"end":{"line":94,"column":32}},"47":{"start":{"line":95,"column":18},"end":{"line":95,"column":40}},"48":{"start":{"line":96,"column":2},"end":{"line":100,"column":3}},"49":{"start":{"line":97,"column":3},"end":{"line":97,"column":47}},"50":{"start":{"line":99,"column":3},"end":{"line":99,"column":23}},"51":{"start":{"line":102,"column":2},"end":{"line":108,"column":5}},"52":{"start":{"line":109,"column":2},"end":{"line":109,"column":17}},"53":{"start":{"line":112,"column":14},"end":{"line":126,"column":2}},"54":{"start":{"line":113,"column":2},"end":{"line":115,"column":3}},"55":{"start":{"line":114,"column":3},"end":{"line":114,"column":62}},"56":{"start":{"line":116,"column":15},"end":{"line":116,"column":25}},"57":{"start":{"line":117,"column":2},"end":{"line":117,"column":40}},"58":{"start":{"line":118,"column":2},"end":{"line":118,"column":19}},"59":{"start":{"line":120,"column":2},"end":{"line":120,"column":24}},"60":{"start":{"line":121,"column":2},"end":{"line":121,"column":24}},"61":{"start":{"line":125,"column":2},"end":{"line":125,"column":14}},"62":{"start":{"line":128,"column":15},"end":{"line":142,"column":2}},"63":{"start":{"line":129,"column":2},"end":{"line":131,"column":3}},"64":{"start":{"line":130,"column":3},"end":{"line":130,"column":62}},"65":{"start":{"line":132,"column":15},"end":{"line":132,"column":24}},"66":{"start":{"line":133,"column":2},"end":{"line":133,"column":46}},"67":{"start":{"line":134,"column":2},"end":{"line":134,"column":20}},"68":{"start":{"line":136,"column":2},"end":{"line":136,"column":24}},"69":{"start":{"line":137,"column":2},"end":{"line":137,"column":24}},"70":{"start":{"line":141,"column":2},"end":{"line":141,"column":14}},"71":{"start":{"line":149,"column":20},"end":{"line":152,"column":2}},"72":{"start":{"line":150,"column":2},"end":{"line":150,"column":80}},"73":{"start":{"line":151,"column":2},"end":{"line":151,"column":14}},"74":{"start":{"line":159,"column":21},"end":{"line":162,"column":2}},"75":{"start":{"line":160,"column":2},"end":{"line":160,"column":72}},"76":{"start":{"line":161,"column":2},"end":{"line":161,"column":14}},"77":{"start":{"line":164,"column":18},"end":{"line":171,"column":2}},"78":{"start":{"line":165,"column":15},"end":{"line":165,"column":24}},"79":{"start":{"line":166,"column":2},"end":{"line":170,"column":3}},"80":{"start":{"line":166,"column":15},"end":{"line":166,"column":30}},"81":{"start":{"line":167,"column":3},"end":{"line":169,"column":4}},"82":{"start":{"line":168,"column":4},"end":{"line":168,"column":29}},"83":{"start":{"line":173,"column":21},"end":{"line":180,"column":2}},"84":{"start":{"line":174,"column":2},"end":{"line":179,"column":3}},"85":{"start":{"line":174,"column":15},"end":{"line":174,"column":35}},"86":{"start":{"line":175,"column":3},"end":{"line":178,"column":4}},"87":{"start":{"line":176,"column":4},"end":{"line":176,"column":33}},"88":{"start":{"line":177,"column":3},"end":{"line":177,"column":25}},"89":{"start":{"line":189,"column":21},"end":{"line":260,"column":2}},"90":{"start":{"line":190,"column":2},"end":{"line":194,"column":5}},"91":{"start":{"line":196,"column":2},"end":{"line":208,"column":3}},"92":{"start":{"line":197,"column":3},"end":{"line":197,"column":29}},"93":{"start":{"line":198,"column":3},"end":{"line":202,"column":6}},"94":{"start":{"line":203,"column":3},"end":{"line":206,"column":6}},"95":{"start":{"line":207,"column":3},"end":{"line":207,"column":10}},"96":{"start":{"line":210,"column":25},"end":{"line":210,"column":42}},"97":{"start":{"line":212,"column":2},"end":{"line":226,"column":3}},"98":{"start":{"line":213,"column":16},"end":{"line":213,"column":27}},"99":{"start":{"line":214,"column":13},"end":{"line":214,"column":53}},"100":{"start":{"line":214,"column":34},"end":{"line":214,"column":52}},"101":{"start":{"line":215,"column":3},"end":{"line":219,"column":6}},"102":{"start":{"line":220,"column":3},"end":{"line":220,"column":19}},"103":{"start":{"line":221,"column":3},"end":{"line":225,"column":4}},"104":{"start":{"line":222,"column":4},"end":{"line":222,"column":21}},"105":{"start":{"line":224,"column":4},"end":{"line":224,"column":22}},"106":{"start":{"line":228,"column":2},"end":{"line":240,"column":3}},"107":{"start":{"line":229,"column":3},"end":{"line":233,"column":4}},"108":{"start":{"line":230,"column":4},"end":{"line":230,"column":34}},"109":{"start":{"line":232,"column":4},"end":{"line":232,"column":35}},"110":{"start":{"line":235,"column":3},"end":{"line":239,"column":4}},"111":{"start":{"line":236,"column":4},"end":{"line":236,"column":35}},"112":{"start":{"line":238,"column":4},"end":{"line":238,"column":36}},"113":{"start":{"line":242,"column":2},"end":{"line":242,"column":24}},"114":{"start":{"line":244,"column":2},"end":{"line":248,"column":5}},"115":{"start":{"line":250,"column":2},"end":{"line":252,"column":3}},"116":{"start":{"line":251,"column":3},"end":{"line":251,"column":28}},"117":{"start":{"line":254,"column":2},"end":{"line":254,"column":24}},"118":{"start":{"line":256,"column":2},"end":{"line":259,"column":5}},"119":{"start":{"line":262,"column":17},"end":{"line":265,"column":2}},"120":{"start":{"line":263,"column":20},"end":{"line":263,"column":49}},"121":{"start":{"line":264,"column":2},"end":{"line":264,"column":75}},"122":{"start":{"line":268,"column":13},"end":{"line":289,"column":2}},"123":{"start":{"line":270,"column":2},"end":{"line":288,"column":3}},"124":{"start":{"line":271,"column":3},"end":{"line":278,"column":4}},"125":{"start":{"line":273,"column":4},"end":{"line":273,"column":30}},"126":{"start":{"line":276,"column":4},"end":{"line":276,"column":37}},"127":{"start":{"line":277,"column":4},"end":{"line":277,"column":30}},"128":{"start":{"line":279,"column":9},"end":{"line":288,"column":3}},"129":{"start":{"line":280,"column":3},"end":{"line":287,"column":4}},"130":{"start":{"line":282,"column":4},"end":{"line":282,"column":31}},"131":{"start":{"line":285,"column":4},"end":{"line":285,"column":35}},"132":{"start":{"line":286,"column":4},"end":{"line":286,"column":31}},"133":{"start":{"line":291,"column":10},"end":{"line":295,"column":2}},"134":{"start":{"line":292,"column":2},"end":{"line":292,"column":23}},"135":{"start":{"line":293,"column":2},"end":{"line":293,"column":30}},"136":{"start":{"line":294,"column":2},"end":{"line":294,"column":36}},"137":{"start":{"line":297,"column":20},"end":{"line":301,"column":2}},"138":{"start":{"line":298,"column":2},"end":{"line":298,"column":23}},"139":{"start":{"line":299,"column":2},"end":{"line":299,"column":37}},"140":{"start":{"line":300,"column":2},"end":{"line":300,"column":36}},"141":{"start":{"line":303,"column":12},"end":{"line":306,"column":2}},"142":{"start":{"line":304,"column":17},"end":{"line":304,"column":33}},"143":{"start":{"line":305,"column":2},"end":{"line":305,"column":86}},"144":{"start":{"line":305,"column":29},"end":{"line":305,"column":73}},"145":{"start":{"line":305,"column":45},"end":{"line":305,"column":62}},"146":{"start":{"line":308,"column":8},"end":{"line":325,"column":2}},"147":{"start":{"line":309,"column":14},"end":{"line":322,"column":3}},"148":{"start":{"line":311,"column":3},"end":{"line":313,"column":4}},"149":{"start":{"line":312,"column":4},"end":{"line":312,"column":16}},"150":{"start":{"line":314,"column":3},"end":{"line":316,"column":4}},"151":{"start":{"line":315,"column":4},"end":{"line":315,"column":16}},"152":{"start":{"line":317,"column":3},"end":{"line":321,"column":4}},"153":{"start":{"line":318,"column":4},"end":{"line":318,"column":26}},"154":{"start":{"line":320,"column":4},"end":{"line":320,"column":27}},"155":{"start":{"line":324,"column":2},"end":{"line":324,"column":24}},"156":{"start":{"line":327,"column":16},"end":{"line":346,"column":2}},"157":{"start":{"line":328,"column":2},"end":{"line":336,"column":3}},"158":{"start":{"line":330,"column":23},"end":{"line":330,"column":56}},"159":{"start":{"line":331,"column":3},"end":{"line":333,"column":4}},"160":{"start":{"line":332,"column":4},"end":{"line":332,"column":16}},"161":{"start":{"line":334,"column":18},"end":{"line":334,"column":42}},"162":{"start":{"line":335,"column":3},"end":{"line":335,"column":17}},"163":{"start":{"line":339,"column":2},"end":{"line":339,"column":20}},"164":{"start":{"line":341,"column":2},"end":{"line":343,"column":3}},"165":{"start":{"line":342,"column":3},"end":{"line":342,"column":19}},"166":{"start":{"line":345,"column":2},"end":{"line":345,"column":14}},"167":{"start":{"line":348,"column":14},"end":{"line":373,"column":2}},"168":{"start":{"line":349,"column":22},"end":{"line":349,"column":35}},"169":{"start":{"line":350,"column":2},"end":{"line":364,"column":3}},"170":{"start":{"line":351,"column":3},"end":{"line":351,"column":20}},"171":{"start":{"line":352,"column":9},"end":{"line":364,"column":3}},"172":{"start":{"line":353,"column":3},"end":{"line":353,"column":30}},"173":{"start":{"line":354,"column":9},"end":{"line":364,"column":3}},"174":{"start":{"line":355,"column":3},"end":{"line":355,"column":31}},"175":{"start":{"line":357,"column":21},"end":{"line":357,"column":49}},"176":{"start":{"line":358,"column":29},"end":{"line":358,"column":58}},"177":{"start":{"line":359,"column":23},"end":{"line":359,"column":61}},"178":{"start":{"line":360,"column":3},"end":{"line":360,"column":71}},"179":{"start":{"line":361,"column":3},"end":{"line":361,"column":35}},"180":{"start":{"line":362,"column":3},"end":{"line":362,"column":37}},"181":{"start":{"line":363,"column":3},"end":{"line":363,"column":25}},"182":{"start":{"line":365,"column":2},"end":{"line":365,"column":24}},"183":{"start":{"line":366,"column":2},"end":{"line":366,"column":27}},"184":{"start":{"line":367,"column":2},"end":{"line":372,"column":5}},"185":{"start":{"line":375,"column":10},"end":{"line":450,"column":2}},"186":{"start":{"line":376,"column":2},"end":{"line":376,"column":23}},"187":{"start":{"line":378,"column":2},"end":{"line":378,"column":40}},"188":{"start":{"line":379,"column":2},"end":{"line":383,"column":5}},"189":{"start":{"line":385,"column":15},"end":{"line":385,"column":29}},"190":{"start":{"line":386,"column":2},"end":{"line":397,"column":3}},"191":{"start":{"line":387,"column":3},"end":{"line":387,"column":25}},"192":{"start":{"line":388,"column":3},"end":{"line":388,"column":28}},"193":{"start":{"line":389,"column":3},"end":{"line":394,"column":6}},"194":{"start":{"line":395,"column":3},"end":{"line":395,"column":37}},"195":{"start":{"line":396,"column":3},"end":{"line":396,"column":10}},"196":{"start":{"line":399,"column":2},"end":{"line":399,"column":28}},"197":{"start":{"line":401,"column":2},"end":{"line":405,"column":3}},"198":{"start":{"line":402,"column":3},"end":{"line":402,"column":21}},"199":{"start":{"line":403,"column":3},"end":{"line":403,"column":37}},"200":{"start":{"line":404,"column":3},"end":{"line":404,"column":10}},"201":{"start":{"line":407,"column":23},"end":{"line":407,"column":47}},"202":{"start":{"line":408,"column":26},"end":{"line":408,"column":59}},"203":{"start":{"line":410,"column":2},"end":{"line":437,"column":3}},"204":{"start":{"line":411,"column":3},"end":{"line":411,"column":59}},"205":{"start":{"line":412,"column":9},"end":{"line":437,"column":3}},"206":{"start":{"line":413,"column":3},"end":{"line":413,"column":64}},"207":{"start":{"line":414,"column":9},"end":{"line":437,"column":3}},"208":{"start":{"line":415,"column":3},"end":{"line":415,"column":65}},"209":{"start":{"line":417,"column":21},"end":{"line":417,"column":44}},"210":{"start":{"line":418,"column":3},"end":{"line":431,"column":4}},"211":{"start":{"line":419,"column":4},"end":{"line":419,"column":54}},"212":{"start":{"line":420,"column":4},"end":{"line":420,"column":26}},"213":{"start":{"line":421,"column":4},"end":{"line":421,"column":29}},"214":{"start":{"line":423,"column":4},"end":{"line":428,"column":7}},"215":{"start":{"line":429,"column":4},"end":{"line":429,"column":38}},"216":{"start":{"line":430,"column":4},"end":{"line":430,"column":11}},"217":{"start":{"line":432,"column":29},"end":{"line":432,"column":58}},"218":{"start":{"line":433,"column":32},"end":{"line":433,"column":70}},"219":{"start":{"line":434,"column":3},"end":{"line":434,"column":80}},"220":{"start":{"line":435,"column":3},"end":{"line":435,"column":63}},"221":{"start":{"line":436,"column":3},"end":{"line":436,"column":58}},"222":{"start":{"line":439,"column":2},"end":{"line":439,"column":24}},"223":{"start":{"line":440,"column":2},"end":{"line":440,"column":27}},"224":{"start":{"line":442,"column":2},"end":{"line":447,"column":5}},"225":{"start":{"line":448,"column":2},"end":{"line":448,"column":36}},"226":{"start":{"line":449,"column":2},"end":{"line":449,"column":9}},"227":{"start":{"line":452,"column":16},"end":{"line":455,"column":2}},"228":{"start":{"line":453,"column":15},"end":{"line":453,"column":24}},"229":{"start":{"line":454,"column":2},"end":{"line":454,"column":41}},"230":{"start":{"line":454,"column":24},"end":{"line":454,"column":39}},"231":{"start":{"line":457,"column":8},"end":{"line":460,"column":2}},"232":{"start":{"line":458,"column":18},"end":{"line":458,"column":45}},"233":{"start":{"line":459,"column":2},"end":{"line":459,"column":17}},"234":{"start":{"line":465,"column":2},"end":{"line":465,"column":19}},"235":{"start":{"line":468,"column":16},"end":{"line":472,"column":2}},"236":{"start":{"line":469,"column":2},"end":{"line":469,"column":30}},"237":{"start":{"line":470,"column":2},"end":{"line":470,"column":38}},"238":{"start":{"line":471,"column":2},"end":{"line":471,"column":40}},"239":{"start":{"line":474,"column":8},"end":{"line":494,"column":2}},"240":{"start":{"line":475,"column":18},"end":{"line":475,"column":40}},"241":{"start":{"line":476,"column":2},"end":{"line":476,"column":38}},"242":{"start":{"line":476,"column":23},"end":{"line":476,"column":38}},"243":{"start":{"line":477,"column":18},"end":{"line":477,"column":46}},"244":{"start":{"line":478,"column":2},"end":{"line":478,"column":25}},"245":{"start":{"line":479,"column":2},"end":{"line":479,"column":45}},"246":{"start":{"line":480,"column":14},"end":{"line":491,"column":3}},"247":{"start":{"line":481,"column":3},"end":{"line":485,"column":4}},"248":{"start":{"line":482,"column":4},"end":{"line":482,"column":43}},"249":{"start":{"line":483,"column":4},"end":{"line":483,"column":47}},"250":{"start":{"line":484,"column":4},"end":{"line":484,"column":33}},"251":{"start":{"line":486,"column":3},"end":{"line":490,"column":4}},"252":{"start":{"line":487,"column":4},"end":{"line":487,"column":45}},"253":{"start":{"line":488,"column":4},"end":{"line":488,"column":49}},"254":{"start":{"line":489,"column":4},"end":{"line":489,"column":35}},"255":{"start":{"line":492,"column":2},"end":{"line":492,"column":31}},"256":{"start":{"line":493,"column":2},"end":{"line":493,"column":16}}},"fnMap":{"0":{"name":"(anonymous_0)","decl":{"start":{"line":5,"column":1},"end":{"line":5,"column":2}},"loc":{"start":{"line":5,"column":38},"end":{"line":21,"column":2}},"line":5},"1":{"name":"(anonymous_1)","decl":{"start":{"line":27,"column":13},"end":{"line":27,"column":14}},"loc":{"start":{"line":27,"column":19},"end":{"line":36,"column":2}},"line":27},"2":{"name":"(anonymous_2)","decl":{"start":{"line":31,"column":36},"end":{"line":31,"column":37}},"loc":{"start":{"line":31,"column":42},"end":{"line":31,"column":53}},"line":31},"3":{"name":"(anonymous_3)","decl":{"start":{"line":33,"column":24},"end":{"line":33,"column":25}},"loc":{"start":{"line":33,"column":39},"end":{"line":33,"column":88}},"line":33},"4":{"name":"(anonymous_4)","decl":{"start":{"line":42,"column":1},"end":{"line":42,"column":2}},"loc":{"start":{"line":42,"column":12},"end":{"line":47,"column":2}},"line":42},"5":{"name":"(anonymous_5)","decl":{"start":{"line":44,"column":23},"end":{"line":44,"column":24}},"loc":{"start":{"line":45,"column":3},"end":{"line":45,"column":21}},"line":45},"6":{"name":"(anonymous_6)","decl":{"start":{"line":54,"column":14},"end":{"line":54,"column":15}},"loc":{"start":{"line":54,"column":22},"end":{"line":54,"column":73}},"line":54},"7":{"name":"(anonymous_7)","decl":{"start":{"line":56,"column":16},"end":{"line":56,"column":17}},"loc":{"start":{"line":56,"column":24},"end":{"line":56,"column":47}},"line":56},"8":{"name":"(anonymous_8)","decl":{"start":{"line":58,"column":18},"end":{"line":58,"column":19}},"loc":{"start":{"line":58,"column":28},"end":{"line":78,"column":2}},"line":58},"9":{"name":"(anonymous_9)","decl":{"start":{"line":80,"column":1},"end":{"line":80,"column":2}},"loc":{"start":{"line":80,"column":19},"end":{"line":88,"column":2}},"line":80},"10":{"name":"(anonymous_10)","decl":{"start":{"line":81,"column":23},"end":{"line":81,"column":24}},"loc":{"start":{"line":81,"column":37},"end":{"line":87,"column":3}},"line":81},"11":{"name":"(anonymous_11)","decl":{"start":{"line":90,"column":19},"end":{"line":90,"column":20}},"loc":{"start":{"line":90,"column":29},"end":{"line":110,"column":2}},"line":90},"12":{"name":"(anonymous_12)","decl":{"start":{"line":112,"column":14},"end":{"line":112,"column":15}},"loc":{"start":{"line":112,"column":22},"end":{"line":126,"column":2}},"line":112},"13":{"name":"(anonymous_13)","decl":{"start":{"line":128,"column":15},"end":{"line":128,"column":16}},"loc":{"start":{"line":128,"column":23},"end":{"line":142,"column":2}},"line":128},"14":{"name":"(anonymous_14)","decl":{"start":{"line":149,"column":20},"end":{"line":149,"column":21}},"loc":{"start":{"line":149,"column":27},"end":{"line":152,"column":2}},"line":149},"15":{"name":"(anonymous_15)","decl":{"start":{"line":159,"column":21},"end":{"line":159,"column":22}},"loc":{"start":{"line":159,"column":29},"end":{"line":162,"column":2}},"line":159},"16":{"name":"(anonymous_16)","decl":{"start":{"line":164,"column":18},"end":{"line":164,"column":19}},"loc":{"start":{"line":164,"column":24},"end":{"line":171,"column":2}},"line":164},"17":{"name":"(anonymous_17)","decl":{"start":{"line":173,"column":21},"end":{"line":173,"column":22}},"loc":{"start":{"line":173,"column":27},"end":{"line":180,"column":2}},"line":173},"18":{"name":"(anonymous_18)","decl":{"start":{"line":189,"column":21},"end":{"line":189,"column":22}},"loc":{"start":{"line":189,"column":48},"end":{"line":260,"column":2}},"line":189},"19":{"name":"(anonymous_19)","decl":{"start":{"line":214,"column":28},"end":{"line":214,"column":29}},"loc":{"start":{"line":214,"column":34},"end":{"line":214,"column":52}},"line":214},"20":{"name":"(anonymous_20)","decl":{"start":{"line":262,"column":17},"end":{"line":262,"column":18}},"loc":{"start":{"line":262,"column":33},"end":{"line":265,"column":2}},"line":262},"21":{"name":"(anonymous_21)","decl":{"start":{"line":268,"column":13},"end":{"line":268,"column":14}},"loc":{"start":{"line":268,"column":21},"end":{"line":289,"column":2}},"line":268},"22":{"name":"(anonymous_22)","decl":{"start":{"line":291,"column":10},"end":{"line":291,"column":11}},"loc":{"start":{"line":291,"column":17},"end":{"line":295,"column":2}},"line":291},"23":{"name":"(anonymous_23)","decl":{"start":{"line":297,"column":20},"end":{"line":297,"column":21}},"loc":{"start":{"line":297,"column":27},"end":{"line":301,"column":2}},"line":297},"24":{"name":"(anonymous_24)","decl":{"start":{"line":303,"column":12},"end":{"line":303,"column":13}},"loc":{"start":{"line":303,"column":18},"end":{"line":306,"column":2}},"line":303},"25":{"name":"(anonymous_25)","decl":{"start":{"line":305,"column":20},"end":{"line":305,"column":21}},"loc":{"start":{"line":305,"column":29},"end":{"line":305,"column":73}},"line":305},"26":{"name":"(anonymous_26)","decl":{"start":{"line":305,"column":39},"end":{"line":305,"column":40}},"loc":{"start":{"line":305,"column":45},"end":{"line":305,"column":62}},"line":305},"27":{"name":"(anonymous_27)","decl":{"start":{"line":308,"column":8},"end":{"line":308,"column":9}},"loc":{"start":{"line":308,"column":15},"end":{"line":325,"column":2}},"line":308},"28":{"name":"(anonymous_28)","decl":{"start":{"line":309,"column":14},"end":{"line":309,"column":15}},"loc":{"start":{"line":309,"column":22},"end":{"line":322,"column":3}},"line":309},"29":{"name":"(anonymous_29)","decl":{"start":{"line":327,"column":16},"end":{"line":327,"column":17}},"loc":{"start":{"line":327,"column":24},"end":{"line":346,"column":2}},"line":327},"30":{"name":"(anonymous_30)","decl":{"start":{"line":348,"column":14},"end":{"line":348,"column":15}},"loc":{"start":{"line":348,"column":20},"end":{"line":373,"column":2}},"line":348},"31":{"name":"(anonymous_31)","decl":{"start":{"line":375,"column":10},"end":{"line":375,"column":11}},"loc":{"start":{"line":375,"column":17},"end":{"line":450,"column":2}},"line":375},"32":{"name":"(anonymous_32)","decl":{"start":{"line":452,"column":16},"end":{"line":452,"column":17}},"loc":{"start":{"line":452,"column":22},"end":{"line":455,"column":2}},"line":452},"33":{"name":"(anonymous_33)","decl":{"start":{"line":454,"column":18},"end":{"line":454,"column":19}},"loc":{"start":{"line":454,"column":24},"end":{"line":454,"column":39}},"line":454},"34":{"name":"(anonymous_34)","decl":{"start":{"line":457,"column":8},"end":{"line":457,"column":9}},"loc":{"start":{"line":457,"column":14},"end":{"line":460,"column":2}},"line":457},"35":{"name":"(anonymous_35)","decl":{"start":{"line":464,"column":1},"end":{"line":464,"column":2}},"loc":{"start":{"line":464,"column":19},"end":{"line":466,"column":2}},"line":464},"36":{"name":"(anonymous_36)","decl":{"start":{"line":468,"column":16},"end":{"line":468,"column":17}},"loc":{"start":{"line":468,"column":42},"end":{"line":472,"column":2}},"line":468},"37":{"name":"(anonymous_37)","decl":{"start":{"line":474,"column":8},"end":{"line":474,"column":9}},"loc":{"start":{"line":474,"column":14},"end":{"line":494,"column":2}},"line":474},"38":{"name":"(anonymous_38)","decl":{"start":{"line":480,"column":14},"end":{"line":480,"column":15}},"loc":{"start":{"line":480,"column":33},"end":{"line":491,"column":3}},"line":480}},"branchMap":{"0":{"loc":{"start":{"line":5,"column":25},"end":{"line":5,"column":36}},"type":"default-arg","locations":[{"start":{"line":5,"column":32},"end":{"line":5,"column":36}}],"line":5},"1":{"loc":{"start":{"line":9,"column":2},"end":{"line":15,"column":3}},"type":"if","locations":[{"start":{"line":9,"column":2},"end":{"line":15,"column":3}},{"start":{"line":9,"column":2},"end":{"line":15,"column":3}}],"line":9},"2":{"loc":{"start":{"line":16,"column":2},"end":{"line":20,"column":3}},"type":"if","locations":[{"start":{"line":16,"column":2},"end":{"line":20,"column":3}},{"start":{"line":16,"column":2},"end":{"line":20,"column":3}}],"line":16},"3":{"loc":{"start":{"line":28,"column":2},"end":{"line":28,"column":28}},"type":"if","locations":[{"start":{"line":28,"column":2},"end":{"line":28,"column":28}},{"start":{"line":28,"column":2},"end":{"line":28,"column":28}}],"line":28},"4":{"loc":{"start":{"line":31,"column":9},"end":{"line":31,"column":54}},"type":"binary-expr","locations":[{"start":{"line":31,"column":9},"end":{"line":31,"column":21}},{"start":{"line":31,"column":25},"end":{"line":31,"column":54}}],"line":31},"5":{"loc":{"start":{"line":33,"column":48},"end":{"line":33,"column":66}},"type":"binary-expr","locations":[{"start":{"line":33,"column":48},"end":{"line":33,"column":58}},{"start":{"line":33,"column":62},"end":{"line":33,"column":66}}],"line":33},"6":{"loc":{"start":{"line":33,"column":68},"end":{"line":33,"column":87}},"type":"binary-expr","locations":[{"start":{"line":33,"column":68},"end":{"line":33,"column":79}},{"start":{"line":33,"column":83},"end":{"line":33,"column":87}}],"line":33},"7":{"loc":{"start":{"line":61,"column":17},"end":{"line":61,"column":71}},"type":"cond-expr","locations":[{"start":{"line":61,"column":31},"end":{"line":61,"column":35}},{"start":{"line":61,"column":38},"end":{"line":61,"column":71}}],"line":61},"8":{"loc":{"start":{"line":64,"column":2},"end":{"line":68,"column":3}},"type":"if","locations":[{"start":{"line":64,"column":2},"end":{"line":68,"column":3}},{"start":{"line":64,"column":2},"end":{"line":68,"column":3}}],"line":64},"9":{"loc":{"start":{"line":65,"column":10},"end":{"line":65,"column":35}},"type":"cond-expr","locations":[{"start":{"line":65,"column":19},"end":{"line":65,"column":25}},{"start":{"line":65,"column":28},"end":{"line":65,"column":35}}],"line":65},"10":{"loc":{"start":{"line":82,"column":3},"end":{"line":86,"column":4}},"type":"if","locations":[{"start":{"line":82,"column":3},"end":{"line":86,"column":4}},{"start":{"line":82,"column":3},"end":{"line":86,"column":4}}],"line":82},"11":{"loc":{"start":{"line":93,"column":17},"end":{"line":93,"column":71}},"type":"cond-expr","locations":[{"start":{"line":93,"column":31},"end":{"line":93,"column":35}},{"start":{"line":93,"column":38},"end":{"line":93,"column":71}}],"line":93},"12":{"loc":{"start":{"line":96,"column":2},"end":{"line":100,"column":3}},"type":"if","locations":[{"start":{"line":96,"column":2},"end":{"line":100,"column":3}},{"start":{"line":96,"column":2},"end":{"line":100,"column":3}}],"line":96},"13":{"loc":{"start":{"line":97,"column":10},"end":{"line":97,"column":35}},"type":"cond-expr","locations":[{"start":{"line":97,"column":19},"end":{"line":97,"column":25}},{"start":{"line":97,"column":28},"end":{"line":97,"column":35}}],"line":97},"14":{"loc":{"start":{"line":113,"column":2},"end":{"line":115,"column":3}},"type":"if","locations":[{"start":{"line":113,"column":2},"end":{"line":115,"column":3}},{"start":{"line":113,"column":2},"end":{"line":115,"column":3}}],"line":113},"15":{"loc":{"start":{"line":117,"column":15},"end":{"line":117,"column":39}},"type":"binary-expr","locations":[{"start":{"line":117,"column":15},"end":{"line":117,"column":31}},{"start":{"line":117,"column":35},"end":{"line":117,"column":39}}],"line":117},"16":{"loc":{"start":{"line":129,"column":2},"end":{"line":131,"column":3}},"type":"if","locations":[{"start":{"line":129,"column":2},"end":{"line":131,"column":3}},{"start":{"line":129,"column":2},"end":{"line":131,"column":3}}],"line":129},"17":{"loc":{"start":{"line":133,"column":14},"end":{"line":133,"column":45}},"type":"binary-expr","locations":[{"start":{"line":133,"column":14},"end":{"line":133,"column":37}},{"start":{"line":133,"column":41},"end":{"line":133,"column":45}}],"line":133},"18":{"loc":{"start":{"line":133,"column":15},"end":{"line":133,"column":30}},"type":"binary-expr","locations":[{"start":{"line":133,"column":15},"end":{"line":133,"column":24}},{"start":{"line":133,"column":28},"end":{"line":133,"column":30}}],"line":133},"19":{"loc":{"start":{"line":150,"column":25},"end":{"line":150,"column":49}},"type":"binary-expr","locations":[{"start":{"line":150,"column":25},"end":{"line":150,"column":43}},{"start":{"line":150,"column":47},"end":{"line":150,"column":49}}],"line":150},"20":{"loc":{"start":{"line":150,"column":51},"end":{"line":150,"column":74}},"type":"binary-expr","locations":[{"start":{"line":150,"column":51},"end":{"line":150,"column":68}},{"start":{"line":150,"column":72},"end":{"line":150,"column":74}}],"line":150},"21":{"loc":{"start":{"line":160,"column":18},"end":{"line":160,"column":42}},"type":"binary-expr","locations":[{"start":{"line":160,"column":18},"end":{"line":160,"column":36}},{"start":{"line":160,"column":40},"end":{"line":160,"column":42}}],"line":160},"22":{"loc":{"start":{"line":160,"column":47},"end":{"line":160,"column":70}},"type":"binary-expr","locations":[{"start":{"line":160,"column":47},"end":{"line":160,"column":64}},{"start":{"line":160,"column":68},"end":{"line":160,"column":70}}],"line":160},"23":{"loc":{"start":{"line":167,"column":3},"end":{"line":169,"column":4}},"type":"if","locations":[{"start":{"line":167,"column":3},"end":{"line":169,"column":4}},{"start":{"line":167,"column":3},"end":{"line":169,"column":4}}],"line":167},"24":{"loc":{"start":{"line":175,"column":3},"end":{"line":178,"column":4}},"type":"if","locations":[{"start":{"line":175,"column":3},"end":{"line":178,"column":4}},{"start":{"line":175,"column":3},"end":{"line":178,"column":4}}],"line":175},"25":{"loc":{"start":{"line":175,"column":7},"end":{"line":175,"column":57}},"type":"binary-expr","locations":[{"start":{"line":175,"column":7},"end":{"line":175,"column":19}},{"start":{"line":175,"column":23},"end":{"line":175,"column":57}}],"line":175},"26":{"loc":{"start":{"line":189,"column":27},"end":{"line":189,"column":43}},"type":"default-arg","locations":[{"start":{"line":189,"column":39},"end":{"line":189,"column":43}}],"line":189},"27":{"loc":{"start":{"line":196,"column":2},"end":{"line":208,"column":3}},"type":"if","locations":[{"start":{"line":196,"column":2},"end":{"line":208,"column":3}},{"start":{"line":196,"column":2},"end":{"line":208,"column":3}}],"line":196},"28":{"loc":{"start":{"line":221,"column":3},"end":{"line":225,"column":4}},"type":"if","locations":[{"start":{"line":221,"column":3},"end":{"line":225,"column":4}},{"start":{"line":221,"column":3},"end":{"line":225,"column":4}}],"line":221},"29":{"loc":{"start":{"line":228,"column":2},"end":{"line":240,"column":3}},"type":"if","locations":[{"start":{"line":228,"column":2},"end":{"line":240,"column":3}},{"start":{"line":228,"column":2},"end":{"line":240,"column":3}}],"line":228},"30":{"loc":{"start":{"line":229,"column":3},"end":{"line":233,"column":4}},"type":"if","locations":[{"start":{"line":229,"column":3},"end":{"line":233,"column":4}},{"start":{"line":229,"column":3},"end":{"line":233,"column":4}}],"line":229},"31":{"loc":{"start":{"line":235,"column":3},"end":{"line":239,"column":4}},"type":"if","locations":[{"start":{"line":235,"column":3},"end":{"line":239,"column":4}},{"start":{"line":235,"column":3},"end":{"line":239,"column":4}}],"line":235},"32":{"loc":{"start":{"line":250,"column":2},"end":{"line":252,"column":3}},"type":"if","locations":[{"start":{"line":250,"column":2},"end":{"line":252,"column":3}},{"start":{"line":250,"column":2},"end":{"line":252,"column":3}}],"line":250},"33":{"loc":{"start":{"line":264,"column":9},"end":{"line":264,"column":74}},"type":"cond-expr","locations":[{"start":{"line":264,"column":27},"end":{"line":264,"column":31}},{"start":{"line":264,"column":34},"end":{"line":264,"column":74}}],"line":264},"34":{"loc":{"start":{"line":270,"column":2},"end":{"line":288,"column":3}},"type":"if","locations":[{"start":{"line":270,"column":2},"end":{"line":288,"column":3}},{"start":{"line":270,"column":2},"end":{"line":288,"column":3}}],"line":270},"35":{"loc":{"start":{"line":271,"column":3},"end":{"line":278,"column":4}},"type":"if","locations":[{"start":{"line":271,"column":3},"end":{"line":278,"column":4}},{"start":{"line":271,"column":3},"end":{"line":278,"column":4}}],"line":271},"36":{"loc":{"start":{"line":279,"column":9},"end":{"line":288,"column":3}},"type":"if","locations":[{"start":{"line":279,"column":9},"end":{"line":288,"column":3}},{"start":{"line":279,"column":9},"end":{"line":288,"column":3}}],"line":279},"37":{"loc":{"start":{"line":280,"column":3},"end":{"line":287,"column":4}},"type":"if","locations":[{"start":{"line":280,"column":3},"end":{"line":287,"column":4}},{"start":{"line":280,"column":3},"end":{"line":287,"column":4}}],"line":280},"38":{"loc":{"start":{"line":305,"column":45},"end":{"line":305,"column":62}},"type":"cond-expr","locations":[{"start":{"line":305,"column":50},"end":{"line":305,"column":56}},{"start":{"line":305,"column":59},"end":{"line":305,"column":62}}],"line":305},"39":{"loc":{"start":{"line":311,"column":3},"end":{"line":313,"column":4}},"type":"if","locations":[{"start":{"line":311,"column":3},"end":{"line":313,"column":4}},{"start":{"line":311,"column":3},"end":{"line":313,"column":4}}],"line":311},"40":{"loc":{"start":{"line":314,"column":3},"end":{"line":316,"column":4}},"type":"if","locations":[{"start":{"line":314,"column":3},"end":{"line":316,"column":4}},{"start":{"line":314,"column":3},"end":{"line":316,"column":4}}],"line":314},"41":{"loc":{"start":{"line":317,"column":3},"end":{"line":321,"column":4}},"type":"if","locations":[{"start":{"line":317,"column":3},"end":{"line":321,"column":4}},{"start":{"line":317,"column":3},"end":{"line":321,"column":4}}],"line":317},"42":{"loc":{"start":{"line":328,"column":2},"end":{"line":336,"column":3}},"type":"if","locations":[{"start":{"line":328,"column":2},"end":{"line":336,"column":3}},{"start":{"line":328,"column":2},"end":{"line":336,"column":3}}],"line":328},"43":{"loc":{"start":{"line":331,"column":3},"end":{"line":333,"column":4}},"type":"if","locations":[{"start":{"line":331,"column":3},"end":{"line":333,"column":4}},{"start":{"line":331,"column":3},"end":{"line":333,"column":4}}],"line":331},"44":{"loc":{"start":{"line":350,"column":2},"end":{"line":364,"column":3}},"type":"if","locations":[{"start":{"line":350,"column":2},"end":{"line":364,"column":3}},{"start":{"line":350,"column":2},"end":{"line":364,"column":3}}],"line":350},"45":{"loc":{"start":{"line":350,"column":6},"end":{"line":350,"column":42}},"type":"binary-expr","locations":[{"start":{"line":350,"column":6},"end":{"line":350,"column":22}},{"start":{"line":350,"column":26},"end":{"line":350,"column":42}}],"line":350},"46":{"loc":{"start":{"line":352,"column":9},"end":{"line":364,"column":3}},"type":"if","locations":[{"start":{"line":352,"column":9},"end":{"line":364,"column":3}},{"start":{"line":352,"column":9},"end":{"line":364,"column":3}}],"line":352},"47":{"loc":{"start":{"line":352,"column":13},"end":{"line":352,"column":47}},"type":"binary-expr","locations":[{"start":{"line":352,"column":13},"end":{"line":352,"column":27}},{"start":{"line":352,"column":31},"end":{"line":352,"column":47}}],"line":352},"48":{"loc":{"start":{"line":354,"column":9},"end":{"line":364,"column":3}},"type":"if","locations":[{"start":{"line":354,"column":9},"end":{"line":364,"column":3}},{"start":{"line":354,"column":9},"end":{"line":364,"column":3}}],"line":354},"49":{"loc":{"start":{"line":354,"column":13},"end":{"line":354,"column":47}},"type":"binary-expr","locations":[{"start":{"line":354,"column":13},"end":{"line":354,"column":28}},{"start":{"line":354,"column":32},"end":{"line":354,"column":47}}],"line":354},"50":{"loc":{"start":{"line":360,"column":21},"end":{"line":360,"column":51}},"type":"cond-expr","locations":[{"start":{"line":360,"column":35},"end":{"line":360,"column":41}},{"start":{"line":360,"column":44},"end":{"line":360,"column":51}}],"line":360},"51":{"loc":{"start":{"line":386,"column":2},"end":{"line":397,"column":3}},"type":"if","locations":[{"start":{"line":386,"column":2},"end":{"line":397,"column":3}},{"start":{"line":386,"column":2},"end":{"line":397,"column":3}}],"line":386},"52":{"loc":{"start":{"line":401,"column":2},"end":{"line":405,"column":3}},"type":"if","locations":[{"start":{"line":401,"column":2},"end":{"line":405,"column":3}},{"start":{"line":401,"column":2},"end":{"line":405,"column":3}}],"line":401},"53":{"loc":{"start":{"line":410,"column":2},"end":{"line":437,"column":3}},"type":"if","locations":[{"start":{"line":410,"column":2},"end":{"line":437,"column":3}},{"start":{"line":410,"column":2},"end":{"line":437,"column":3}}],"line":410},"54":{"loc":{"start":{"line":410,"column":6},"end":{"line":410,"column":32}},"type":"binary-expr","locations":[{"start":{"line":410,"column":6},"end":{"line":410,"column":17}},{"start":{"line":410,"column":21},"end":{"line":410,"column":32}}],"line":410},"55":{"loc":{"start":{"line":411,"column":16},"end":{"line":411,"column":50}},"type":"cond-expr","locations":[{"start":{"line":411,"column":34},"end":{"line":411,"column":40}},{"start":{"line":411,"column":43},"end":{"line":411,"column":50}}],"line":411},"56":{"loc":{"start":{"line":412,"column":9},"end":{"line":437,"column":3}},"type":"if","locations":[{"start":{"line":412,"column":9},"end":{"line":437,"column":3}},{"start":{"line":412,"column":9},"end":{"line":437,"column":3}}],"line":412},"57":{"loc":{"start":{"line":412,"column":13},"end":{"line":412,"column":37}},"type":"binary-expr","locations":[{"start":{"line":412,"column":13},"end":{"line":412,"column":22}},{"start":{"line":412,"column":26},"end":{"line":412,"column":37}}],"line":412},"58":{"loc":{"start":{"line":413,"column":16},"end":{"line":413,"column":50}},"type":"cond-expr","locations":[{"start":{"line":413,"column":34},"end":{"line":413,"column":40}},{"start":{"line":413,"column":43},"end":{"line":413,"column":50}}],"line":413},"59":{"loc":{"start":{"line":414,"column":9},"end":{"line":437,"column":3}},"type":"if","locations":[{"start":{"line":414,"column":9},"end":{"line":437,"column":3}},{"start":{"line":414,"column":9},"end":{"line":437,"column":3}}],"line":414},"60":{"loc":{"start":{"line":414,"column":13},"end":{"line":414,"column":37}},"type":"binary-expr","locations":[{"start":{"line":414,"column":13},"end":{"line":414,"column":23}},{"start":{"line":414,"column":27},"end":{"line":414,"column":37}}],"line":414},"61":{"loc":{"start":{"line":415,"column":16},"end":{"line":415,"column":50}},"type":"cond-expr","locations":[{"start":{"line":415,"column":34},"end":{"line":415,"column":40}},{"start":{"line":415,"column":43},"end":{"line":415,"column":50}}],"line":415},"62":{"loc":{"start":{"line":418,"column":3},"end":{"line":431,"column":4}},"type":"if","locations":[{"start":{"line":418,"column":3},"end":{"line":431,"column":4}},{"start":{"line":418,"column":3},"end":{"line":431,"column":4}}],"line":418},"63":{"loc":{"start":{"line":419,"column":11},"end":{"line":419,"column":45}},"type":"cond-expr","locations":[{"start":{"line":419,"column":29},"end":{"line":419,"column":35}},{"start":{"line":419,"column":38},"end":{"line":419,"column":45}}],"line":419},"64":{"loc":{"start":{"line":434,"column":21},"end":{"line":434,"column":60}},"type":"cond-expr","locations":[{"start":{"line":434,"column":44},"end":{"line":434,"column":50}},{"start":{"line":434,"column":53},"end":{"line":434,"column":60}}],"line":434},"65":{"loc":{"start":{"line":436,"column":10},"end":{"line":436,"column":44}},"type":"cond-expr","locations":[{"start":{"line":436,"column":28},"end":{"line":436,"column":34}},{"start":{"line":436,"column":37},"end":{"line":436,"column":44}}],"line":436},"66":{"loc":{"start":{"line":454,"column":24},"end":{"line":454,"column":39}},"type":"binary-expr","locations":[{"start":{"line":454,"column":24},"end":{"line":454,"column":31}},{"start":{"line":454,"column":35},"end":{"line":454,"column":39}}],"line":454},"67":{"loc":{"start":{"line":476,"column":2},"end":{"line":476,"column":38}},"type":"if","locations":[{"start":{"line":476,"column":2},"end":{"line":476,"column":38}},{"start":{"line":476,"column":2},"end":{"line":476,"column":38}}],"line":476},"68":{"loc":{"start":{"line":481,"column":3},"end":{"line":485,"column":4}},"type":"if","locations":[{"start":{"line":481,"column":3},"end":{"line":485,"column":4}},{"start":{"line":481,"column":3},"end":{"line":485,"column":4}}],"line":481},"69":{"loc":{"start":{"line":486,"column":3},"end":{"line":490,"column":4}},"type":"if","locations":[{"start":{"line":486,"column":3},"end":{"line":490,"column":4}},{"start":{"line":486,"column":3},"end":{"line":490,"column":4}}],"line":486}},"s":{"0":111,"1":111,"2":111,"3":111,"4":7,"5":7,"6":111,"7":109,"8":16,"9":111,"10":200,"11":2,"12":198,"13":198,"14":198,"15":3055,"16":580,"17":580,"18":1524,"19":198,"20":199,"21":199,"22":577,"23":111,"24":107,"25":111,"26":9,"27":111,"28":5,"29":5,"30":5,"31":5,"32":5,"33":5,"34":2,"35":3,"36":5,"37":5,"38":0,"39":0,"40":0,"41":0,"42":111,"43":4,"44":4,"45":4,"46":4,"47":4,"48":4,"49":4,"50":0,"51":4,"52":4,"53":111,"54":5,"55":0,"56":5,"57":5,"58":5,"59":5,"60":5,"61":5,"62":111,"63":4,"64":0,"65":4,"66":4,"67":4,"68":4,"69":4,"70":4,"71":111,"72":107,"73":107,"74":111,"75":107,"76":107,"77":111,"78":27,"79":27,"80":27,"81":149,"82":89,"83":111,"84":11,"85":11,"86":77,"87":5,"88":5,"89":111,"90":16,"91":16,"92":5,"93":5,"94":5,"95":5,"96":11,"97":11,"98":20,"99":20,"100":46,"101":20,"102":20,"103":20,"104":4,"105":16,"106":11,"107":11,"108":4,"109":7,"110":0,"111":0,"112":0,"113":11,"114":11,"115":11,"116":11,"117":11,"118":11,"119":111,"120":0,"121":0,"122":111,"123":5,"124":5,"125":1,"126":4,"127":4,"128":0,"129":0,"130":0,"131":0,"132":0,"133":111,"134":16,"135":16,"136":16,"137":111,"138":0,"139":0,"140":0,"141":111,"142":0,"143":0,"144":0,"145":0,"146":111,"147":0,"148":0,"149":0,"150":0,"151":0,"152":0,"153":0,"154":0,"155":0,"156":111,"157":0,"158":0,"159":0,"160":0,"161":0,"162":0,"163":0,"164":0,"165":0,"166":0,"167":111,"168":0,"169":0,"170":0,"171":0,"172":0,"173":0,"174":0,"175":0,"176":0,"177":0,"178":0,"179":0,"180":0,"181":0,"182":0,"183":0,"184":0,"185":111,"186":0,"187":0,"188":0,"189":0,"190":0,"191":0,"192":0,"193":0,"194":0,"195":0,"196":0,"197":0,"198":0,"199":0,"200":0,"201":0,"202":0,"203":0,"204":0,"205":0,"206":0,"207":0,"208":0,"209":0,"210":0,"211":0,"212":0,"213":0,"214":0,"215":0,"216":0,"217":0,"218":0,"219":0,"220":0,"221":0,"222":0,"223":0,"224":0,"225":0,"226":0,"227":111,"228":0,"229":0,"230":0,"231":111,"232":104,"233":104,"234":104,"235":104,"236":243,"237":243,"238":243,"239":104,"240":104,"241":104,"242":12,"243":92,"244":92,"245":92,"246":92,"247":243,"248":50,"249":50,"250":50,"251":243,"252":101,"253":101,"254":101,"255":92,"256":92},"f":{"0":111,"1":200,"2":3055,"3":1524,"4":199,"5":577,"6":107,"7":9,"8":5,"9":0,"10":0,"11":4,"12":5,"13":4,"14":107,"15":107,"16":27,"17":11,"18":16,"19":46,"20":0,"21":5,"22":16,"23":0,"24":0,"25":0,"26":0,"27":0,"28":0,"29":0,"30":0,"31":0,"32":0,"33":0,"34":104,"35":104,"36":243,"37":104,"38":243},"b":{"0":[7],"1":[7,104],"2":[109,2],"3":[2,198],"4":[778,778],"5":[1524,1333],"6":[1524,1214],"7":[3,2],"8":[2,3],"9":[0,2],"10":[0,0],"11":[0,4],"12":[4,0],"13":[0,4],"14":[0,5],"15":[5,5],"16":[0,4],"17":[4,4],"18":[4,0],"19":[107,60],"20":[107,78],"21":[107,60],"22":[107,78],"23":[89,60],"24":[5,72],"25":[77,35],"26":[16],"27":[5,11],"28":[4,16],"29":[11,0],"30":[4,7],"31":[0,0],"32":[11,0],"33":[0,0],"34":[5,0],"35":[1,4],"36":[0,0],"37":[0,0],"38":[0,0],"39":[0,0],"40":[0,0],"41":[0,0],"42":[0,0],"43":[0,0],"44":[0,0],"45":[0,0],"46":[0,0],"47":[0,0],"48":[0,0],"49":[0,0],"50":[0,0],"51":[0,0],"52":[0,0],"53":[0,0],"54":[0,0],"55":[0,0],"56":[0,0],"57":[0,0],"58":[0,0],"59":[0,0],"60":[0,0],"61":[0,0],"62":[0,0],"63":[0,0],"64":[0,0],"65":[0,0],"66":[0,0],"67":[12,92],"68":[50,193],"69":[101,142]},"_coverageSchema":"1a1c01bbd47fc00a2c39e90264f33305004495a9","hash":"07dae068bb9d9ff3b1953ef2c4cf1cbbc981b77a"}
,"/Users/jdr/Documents/coding/example-svelte-babel-webpack/src/lib/Node.js": {"path":"/Users/jdr/Documents/coding/example-svelte-babel-webpack/src/lib/Node.js","statementMap":{"0":{"start":{"line":2,"column":9},"end":{"line":2,"column":10}},"1":{"start":{"line":6,"column":2},"end":{"line":6,"column":17}},"2":{"start":{"line":7,"column":2},"end":{"line":7,"column":19}},"3":{"start":{"line":8,"column":2},"end":{"line":8,"column":20}},"4":{"start":{"line":9,"column":2},"end":{"line":9,"column":19}},"5":{"start":{"line":10,"column":2},"end":{"line":10,"column":18}},"6":{"start":{"line":11,"column":2},"end":{"line":11,"column":17}},"7":{"start":{"line":15,"column":2},"end":{"line":15,"column":51}}},"fnMap":{"0":{"name":"(anonymous_0)","decl":{"start":{"line":5,"column":1},"end":{"line":5,"column":2}},"loc":{"start":{"line":5,"column":18},"end":{"line":12,"column":2}},"line":5},"1":{"name":"(anonymous_1)","decl":{"start":{"line":14,"column":1},"end":{"line":14,"column":2}},"loc":{"start":{"line":14,"column":14},"end":{"line":16,"column":2}},"line":14}},"branchMap":{"0":{"loc":{"start":{"line":15,"column":9},"end":{"line":15,"column":50}},"type":"binary-expr","locations":[{"start":{"line":15,"column":9},"end":{"line":15,"column":27}},{"start":{"line":15,"column":31},"end":{"line":15,"column":50}}],"line":15}},"s":{"0":2,"1":261,"2":261,"3":261,"4":261,"5":261,"6":261,"7":4},"f":{"0":261,"1":4},"b":{"0":[4,3]},"_coverageSchema":"1a1c01bbd47fc00a2c39e90264f33305004495a9","hash":"c67a6ffe8d1b916c8888f429b7e0e7347c87bdc2"}
}
