TN:
SF:src/lib/AVLTree.js
FN:5,(anonymous_0)
FN:27,(anonymous_1)
FN:31,(anonymous_2)
FN:33,(anonymous_3)
FN:42,(anonymous_4)
FN:44,(anonymous_5)
FN:54,(anonymous_6)
FN:56,(anonymous_7)
FN:58,(anonymous_8)
FN:80,(anonymous_9)
FN:81,(anonymous_10)
FN:90,(anonymous_11)
FN:112,(anonymous_12)
FN:128,(anonymous_13)
FN:149,(anonymous_14)
FN:159,(anonymous_15)
FN:164,(anonymous_16)
FN:173,(anonymous_17)
FN:189,(anonymous_18)
FN:214,(anonymous_19)
FN:262,(anonymous_20)
FN:268,(anonymous_21)
FN:291,(anonymous_22)
FN:297,(anonymous_23)
FN:303,(anonymous_24)
FN:305,(anonymous_25)
FN:305,(anonymous_26)
FN:308,(anonymous_27)
FN:309,(anonymous_28)
FN:327,(anonymous_29)
FN:348,(anonymous_30)
FN:375,(anonymous_31)
FN:452,(anonymous_32)
FN:454,(anonymous_33)
FN:457,(anonymous_34)
FN:464,(anonymous_35)
FN:468,(anonymous_36)
FN:474,(anonymous_37)
FN:480,(anonymous_38)
FNF:39
FNH:25
FNDA:111,(anonymous_0)
FNDA:200,(anonymous_1)
FNDA:3055,(anonymous_2)
FNDA:1524,(anonymous_3)
FNDA:199,(anonymous_4)
FNDA:577,(anonymous_5)
FNDA:107,(anonymous_6)
FNDA:9,(anonymous_7)
FNDA:5,(anonymous_8)
FNDA:0,(anonymous_9)
FNDA:0,(anonymous_10)
FNDA:4,(anonymous_11)
FNDA:5,(anonymous_12)
FNDA:4,(anonymous_13)
FNDA:107,(anonymous_14)
FNDA:107,(anonymous_15)
FNDA:27,(anonymous_16)
FNDA:11,(anonymous_17)
FNDA:16,(anonymous_18)
FNDA:46,(anonymous_19)
FNDA:0,(anonymous_20)
FNDA:5,(anonymous_21)
FNDA:16,(anonymous_22)
FNDA:0,(anonymous_23)
FNDA:0,(anonymous_24)
FNDA:0,(anonymous_25)
FNDA:0,(anonymous_26)
FNDA:0,(anonymous_27)
FNDA:0,(anonymous_28)
FNDA:0,(anonymous_29)
FNDA:0,(anonymous_30)
FNDA:0,(anonymous_31)
FNDA:0,(anonymous_32)
FNDA:0,(anonymous_33)
FNDA:104,(anonymous_34)
FNDA:104,(anonymous_35)
FNDA:243,(anonymous_36)
FNDA:104,(anonymous_37)
FNDA:243,(anonymous_38)
DA:6,111
DA:7,111
DA:8,111
DA:9,111
DA:10,7
DA:14,7
DA:16,111
DA:17,109
DA:18,16
DA:27,111
DA:28,200
DA:29,198
DA:30,198
DA:31,3055
DA:32,580
DA:33,1524
DA:35,198
DA:43,199
DA:44,199
DA:45,577
DA:54,111
DA:56,111
DA:58,111
DA:59,5
DA:60,5
DA:61,5
DA:62,5
DA:63,5
DA:64,5
DA:65,2
DA:67,3
DA:70,5
DA:77,5
DA:81,0
DA:82,0
DA:83,0
DA:85,0
DA:90,111
DA:91,4
DA:92,4
DA:93,4
DA:94,4
DA:95,4
DA:96,4
DA:97,4
DA:99,0
DA:102,4
DA:109,4
DA:112,111
DA:113,5
DA:114,0
DA:116,5
DA:117,5
DA:118,5
DA:120,5
DA:121,5
DA:125,5
DA:128,111
DA:129,4
DA:130,0
DA:132,4
DA:133,4
DA:134,4
DA:136,4
DA:137,4
DA:141,4
DA:149,111
DA:150,107
DA:151,107
DA:159,111
DA:160,107
DA:161,107
DA:164,111
DA:165,27
DA:166,27
DA:167,149
DA:168,89
DA:173,111
DA:174,11
DA:175,77
DA:176,5
DA:177,5
DA:189,111
DA:190,16
DA:196,16
DA:197,5
DA:198,5
DA:203,5
DA:207,5
DA:210,11
DA:212,11
DA:213,20
DA:214,46
DA:215,20
DA:220,20
DA:221,20
DA:222,4
DA:224,16
DA:228,11
DA:229,11
DA:230,4
DA:232,7
DA:235,0
DA:236,0
DA:238,0
DA:242,11
DA:244,11
DA:250,11
DA:251,11
DA:254,11
DA:256,11
DA:262,111
DA:263,0
DA:264,0
DA:268,111
DA:270,5
DA:271,5
DA:273,1
DA:276,4
DA:277,4
DA:279,0
DA:280,0
DA:282,0
DA:285,0
DA:286,0
DA:291,111
DA:292,16
DA:293,16
DA:294,16
DA:297,111
DA:298,0
DA:299,0
DA:300,0
DA:303,111
DA:304,0
DA:305,0
DA:308,111
DA:309,0
DA:311,0
DA:312,0
DA:314,0
DA:315,0
DA:317,0
DA:318,0
DA:320,0
DA:324,0
DA:327,111
DA:328,0
DA:330,0
DA:331,0
DA:332,0
DA:334,0
DA:335,0
DA:339,0
DA:341,0
DA:342,0
DA:345,0
DA:348,111
DA:349,0
DA:350,0
DA:351,0
DA:352,0
DA:353,0
DA:354,0
DA:355,0
DA:357,0
DA:358,0
DA:359,0
DA:360,0
DA:361,0
DA:362,0
DA:363,0
DA:365,0
DA:366,0
DA:367,0
DA:375,111
DA:376,0
DA:378,0
DA:379,0
DA:385,0
DA:386,0
DA:387,0
DA:388,0
DA:389,0
DA:395,0
DA:396,0
DA:399,0
DA:401,0
DA:402,0
DA:403,0
DA:404,0
DA:407,0
DA:408,0
DA:410,0
DA:411,0
DA:412,0
DA:413,0
DA:414,0
DA:415,0
DA:417,0
DA:418,0
DA:419,0
DA:420,0
DA:421,0
DA:423,0
DA:429,0
DA:430,0
DA:432,0
DA:433,0
DA:434,0
DA:435,0
DA:436,0
DA:439,0
DA:440,0
DA:442,0
DA:448,0
DA:449,0
DA:452,111
DA:453,0
DA:454,0
DA:457,111
DA:458,104
DA:459,104
DA:465,104
DA:468,104
DA:469,243
DA:470,243
DA:471,243
DA:474,104
DA:475,104
DA:476,104
DA:477,92
DA:478,92
DA:479,92
DA:480,92
DA:481,243
DA:482,50
DA:483,50
DA:484,50
DA:486,243
DA:487,101
DA:488,101
DA:489,101
DA:492,92
DA:493,92
LF:245
LH:144
BRDA:5,0,0,7
BRDA:9,1,0,7
BRDA:9,1,1,104
BRDA:16,2,0,109
BRDA:16,2,1,2
BRDA:28,3,0,2
BRDA:28,3,1,198
BRDA:31,4,0,778
BRDA:31,4,1,778
BRDA:33,5,0,1524
BRDA:33,5,1,1333
BRDA:33,6,0,1524
BRDA:33,6,1,1214
BRDA:61,7,0,3
BRDA:61,7,1,2
BRDA:64,8,0,2
BRDA:64,8,1,3
BRDA:65,9,0,0
BRDA:65,9,1,2
BRDA:82,10,0,0
BRDA:82,10,1,0
BRDA:93,11,0,0
BRDA:93,11,1,4
BRDA:96,12,0,4
BRDA:96,12,1,0
BRDA:97,13,0,0
BRDA:97,13,1,4
BRDA:113,14,0,0
BRDA:113,14,1,5
BRDA:117,15,0,5
BRDA:117,15,1,5
BRDA:129,16,0,0
BRDA:129,16,1,4
BRDA:133,17,0,4
BRDA:133,17,1,4
BRDA:133,18,0,4
BRDA:133,18,1,0
BRDA:150,19,0,107
BRDA:150,19,1,60
BRDA:150,20,0,107
BRDA:150,20,1,78
BRDA:160,21,0,107
BRDA:160,21,1,60
BRDA:160,22,0,107
BRDA:160,22,1,78
BRDA:167,23,0,89
BRDA:167,23,1,60
BRDA:175,24,0,5
BRDA:175,24,1,72
BRDA:175,25,0,77
BRDA:175,25,1,35
BRDA:189,26,0,16
BRDA:196,27,0,5
BRDA:196,27,1,11
BRDA:221,28,0,4
BRDA:221,28,1,16
BRDA:228,29,0,11
BRDA:228,29,1,0
BRDA:229,30,0,4
BRDA:229,30,1,7
BRDA:235,31,0,0
BRDA:235,31,1,0
BRDA:250,32,0,11
BRDA:250,32,1,0
BRDA:264,33,0,0
BRDA:264,33,1,0
BRDA:270,34,0,5
BRDA:270,34,1,0
BRDA:271,35,0,1
BRDA:271,35,1,4
BRDA:279,36,0,0
BRDA:279,36,1,0
BRDA:280,37,0,0
BRDA:280,37,1,0
BRDA:305,38,0,0
BRDA:305,38,1,0
BRDA:311,39,0,0
BRDA:311,39,1,0
BRDA:314,40,0,0
BRDA:314,40,1,0
BRDA:317,41,0,0
BRDA:317,41,1,0
BRDA:328,42,0,0
BRDA:328,42,1,0
BRDA:331,43,0,0
BRDA:331,43,1,0
BRDA:350,44,0,0
BRDA:350,44,1,0
BRDA:350,45,0,0
BRDA:350,45,1,0
BRDA:352,46,0,0
BRDA:352,46,1,0
BRDA:352,47,0,0
BRDA:352,47,1,0
BRDA:354,48,0,0
BRDA:354,48,1,0
BRDA:354,49,0,0
BRDA:354,49,1,0
BRDA:360,50,0,0
BRDA:360,50,1,0
BRDA:386,51,0,0
BRDA:386,51,1,0
BRDA:401,52,0,0
BRDA:401,52,1,0
BRDA:410,53,0,0
BRDA:410,53,1,0
BRDA:410,54,0,0
BRDA:410,54,1,0
BRDA:411,55,0,0
BRDA:411,55,1,0
BRDA:412,56,0,0
BRDA:412,56,1,0
BRDA:412,57,0,0
BRDA:412,57,1,0
BRDA:413,58,0,0
BRDA:413,58,1,0
BRDA:414,59,0,0
BRDA:414,59,1,0
BRDA:414,60,0,0
BRDA:414,60,1,0
BRDA:415,61,0,0
BRDA:415,61,1,0
BRDA:418,62,0,0
BRDA:418,62,1,0
BRDA:419,63,0,0
BRDA:419,63,1,0
BRDA:434,64,0,0
BRDA:434,64,1,0
BRDA:436,65,0,0
BRDA:436,65,1,0
BRDA:454,66,0,0
BRDA:454,66,1,0
BRDA:476,67,0,12
BRDA:476,67,1,92
BRDA:481,68,0,50
BRDA:481,68,1,193
BRDA:486,69,0,101
BRDA:486,69,1,142
BRF:138
BRH:60
end_of_record
TN:
SF:src/lib/Node.js
FN:5,(anonymous_0)
FN:14,(anonymous_1)
FNF:2
FNH:2
FNDA:261,(anonymous_0)
FNDA:4,(anonymous_1)
DA:2,2
DA:6,261
DA:7,261
DA:8,261
DA:9,261
DA:10,261
DA:11,261
DA:15,4
LF:8
LH:8
BRDA:15,0,0,4
BRDA:15,0,1,3
BRF:2
BRH:2
end_of_record
